<?xml version="1.0" encoding="UTF-8"?>
<testng-results ignored="0" total="1" passed="0" failed="1" skipped="0">
  <reporter-output>
  </reporter-output>
  <suite started-at="2023-10-10T11:07:20 IST" name="Default suite" finished-at="2023-10-10T11:08:15 IST" duration-ms="55154">
    <groups>
    </groups>
    <test started-at="2023-10-10T11:07:20 IST" name="Default test" finished-at="2023-10-10T11:08:15 IST" duration-ms="55154">
      <class name="Dropkick.TestScripts.CustomerRegistrationTest">
        <test-method is-config="true" signature="startServer()[pri:0, instance:Dropkick.TestScripts.CustomerRegistrationTest@128d2484]" started-at="2023-10-10T11:07:19 IST" name="startServer" finished-at="2023-10-10T11:07:20 IST" duration-ms="320" status="PASS">
          <reporter-output>
          </reporter-output>
        </test-method> <!-- startServer -->
        <test-method is-config="true" signature="launchApp()[pri:0, instance:Dropkick.TestScripts.CustomerRegistrationTest@128d2484]" started-at="2023-10-10T11:07:20 IST" name="launchApp" finished-at="2023-10-10T11:07:34 IST" duration-ms="13871" status="PASS">
          <reporter-output>
          </reporter-output>
        </test-method> <!-- launchApp -->
        <test-method signature="registration()[pri:0, instance:Dropkick.TestScripts.CustomerRegistrationTest@128d2484]" started-at="2023-10-10T11:07:34 IST" name="registration" finished-at="2023-10-10T11:08:14 IST" duration-ms="40511" status="FAIL">
          <exception class="java.lang.NullPointerException">
            <full-stacktrace>
              <![CDATA[java.lang.NullPointerException
at GenericUtils.GestureUtility.scrollGesture(GestureUtility.java:32)
at ObjectRepository.SignUpPage.enterSignUpDetails(SignUpPage.java:149)
at Dropkick.TestScripts.CustomerRegistrationTest.registration(CustomerRegistrationTest.java:16)
at java.base/jdk.internal.reflect.NativeMethodAccessorImpl.invoke0(Native Method)
at java.base/jdk.internal.reflect.NativeMethodAccessorImpl.invoke(NativeMethodAccessorImpl.java:62)
at java.base/jdk.internal.reflect.DelegatingMethodAccessorImpl.invoke(DelegatingMethodAccessorImpl.java:43)
at java.base/java.lang.reflect.Method.invoke(Method.java:567)
at org.testng.internal.invokers.MethodInvocationHelper.invokeMethod(MethodInvocationHelper.java:139)
at org.testng.internal.invokers.TestInvoker.invokeMethod(TestInvoker.java:677)
at org.testng.internal.invokers.TestInvoker.invokeTestMethod(TestInvoker.java:221)
at org.testng.internal.invokers.MethodRunner.runInSequence(MethodRunner.java:50)
at org.testng.internal.invokers.TestInvoker$MethodInvocationAgent.invoke(TestInvoker.java:969)
at org.testng.internal.invokers.TestInvoker.invokeTestMethods(TestInvoker.java:194)
at org.testng.internal.invokers.TestMethodWorker.invokeTestMethods(TestMethodWorker.java:148)
at org.testng.internal.invokers.TestMethodWorker.run(TestMethodWorker.java:128)
at java.base/java.util.ArrayList.forEach(ArrayList.java:1507)
at org.testng.TestRunner.privateRun(TestRunner.java:829)
at org.testng.TestRunner.run(TestRunner.java:602)
at org.testng.SuiteRunner.runTest(SuiteRunner.java:437)
at org.testng.SuiteRunner.runSequentially(SuiteRunner.java:431)
at org.testng.SuiteRunner.privateRun(SuiteRunner.java:391)
at org.testng.SuiteRunner.run(SuiteRunner.java:330)
at org.testng.SuiteRunnerWorker.runSuite(SuiteRunnerWorker.java:52)
at org.testng.SuiteRunnerWorker.run(SuiteRunnerWorker.java:95)
at org.testng.TestNG.runSuitesSequentially(TestNG.java:1256)
at org.testng.TestNG.runSuitesLocally(TestNG.java:1176)
at org.testng.TestNG.runSuites(TestNG.java:1099)
at org.testng.TestNG.run(TestNG.java:1067)
at org.testng.remote.AbstractRemoteTestNG.run(AbstractRemoteTestNG.java:115)
at org.testng.remote.RemoteTestNG.initAndRun(RemoteTestNG.java:251)
at org.testng.remote.RemoteTestNG.main(RemoteTestNG.java:77)
]]>
            </full-stacktrace>
          </exception> <!-- java.lang.NullPointerException -->
          <reporter-output>
          </reporter-output>
        </test-method> <!-- registration -->
        <test-method is-config="true" signature="closeApp()[pri:0, instance:Dropkick.TestScripts.CustomerRegistrationTest@128d2484]" started-at="2023-10-10T11:08:14 IST" name="closeApp" finished-at="2023-10-10T11:08:15 IST" duration-ms="622" status="PASS">
          <reporter-output>
          </reporter-output>
        </test-method> <!-- closeApp -->
        <test-method is-config="true" signature="stopServer()[pri:0, instance:Dropkick.TestScripts.CustomerRegistrationTest@128d2484]" started-at="2023-10-10T11:08:15 IST" name="stopServer" finished-at="2023-10-10T11:08:15 IST" duration-ms="57" status="PASS">
          <reporter-output>
          </reporter-output>
        </test-method> <!-- stopServer -->
      </class> <!-- Dropkick.TestScripts.CustomerRegistrationTest -->
    </test> <!-- Default test -->
  </suite> <!-- Default suite -->
</testng-results>
